<?xml version="1.0" encoding="UTF-8"?>
<testsuite name="phonebook.PhoneBookTest" tests="3" skipped="0" failures="0" errors="0" timestamp="2023-02-20T17:07:57" hostname="DESKTOP-RIJSBIQ" time="0.018">
  <properties/>
  <testcase name="testAdd()" classname="phonebook.PhoneBookTest" time="0.016"/>
  <testcase name="testFindAll()" classname="phonebook.PhoneBookTest" time="0.0"/>
  <testcase name="testFind()" classname="phonebook.PhoneBookTest" time="0.001"/>
  <system-out><![CDATA[]]></system-out>
  <system-err><![CDATA[]]></system-err>
</testsuite>
